<?xml version="1.0" encoding="UTF-8"?>
<testng-results skipped="0" failed="0" ignored="0" total="1" passed="1">
  <reporter-output>
  </reporter-output>
  <suite name="mavenTestGoogle.GoogleSearchTest" duration-ms="43098" started-at="2020-10-31T14:39:13Z" finished-at="2020-10-31T14:39:56Z">
    <groups>
    </groups>
    <test name="Command line test" duration-ms="43098" started-at="2020-10-31T14:39:13Z" finished-at="2020-10-31T14:39:56Z">
      <class name="mavenTestGoogle.GoogleSearchTest">
        <test-method status="PASS" signature="GSearch()[pri:0, instance:mavenTestGoogle.GoogleSearchTest@58ceff1]" name="GSearch" duration-ms="43078" started-at="2020-10-31T20:09:13Z" finished-at="2020-10-31T20:09:56Z">
          <reporter-output>
          </reporter-output>
        </test-method> <!-- GSearch -->
      </class> <!-- mavenTestGoogle.GoogleSearchTest -->
    </test> <!-- Command line test -->
  </suite> <!-- mavenTestGoogle.GoogleSearchTest -->
</testng-results>
